<?xml version="1.0" encoding="UTF-8"?>
<testsuite name="lab_4.Builder.CarBuilderTest" tests="1" skipped="0" failures="0" errors="0" timestamp="2024-10-25T09:54:07" hostname="DESKTOP-C14UUIG" time="0.147">
  <properties/>
  <testcase name="build()" classname="lab_4.Builder.CarBuilderTest" time="0.147"/>
  <system-out><![CDATA[]]></system-out>
  <system-err><![CDATA[жовт. 25, 2024 12:54:07 ПП org.hibernate.validator.internal.util.Version <clinit>
INFO: HV000001: Hibernate Validator 8.0.1.Final
]]></system-err>
</testsuite>
