<?xml version="1.0" encoding="UTF-8"?>
<testsuite name="org.example.MainTest" tests="1" skipped="0" failures="0" errors="0" timestamp="2024-09-06T09:47:10" hostname="DESKTOP-C14UUIG" time="0.005">
  <properties/>
  <testcase name="twoDimensionArrayTest[0](3, 5, [I@1c9b0314, [[I@45385f75)" classname="org.example.MainTest" time="0.005"/>
  <system-out><![CDATA[]]></system-out>
  <system-err><![CDATA[]]></system-err>
</testsuite>
